MAIN METHOD CALLED
53928 : RegisterRequest: storage_ip = 127.0.0.1 client_port = 53927 command_port = 53928 /directory/file 0
--------------------------
Files being sent in : /directory/file
A unique NODE has come when parent  : root  has zero children : directory
We at the leaf directory!
A unique LEAF node has come when parent node : directory has NO children : file
--------------------------
Create directory!
Create directory!
--------------------------
File to be checked : /directory2/subdirectory
Here are children for parent node : root : directory
The file : directory2 is a directory : true
1
Create directory!
--------------------------
File to be checked : /directory/file/directory
Here are children for parent node : directory : file
The file : file is a directory : false
2
Create directory!
--------------------------
File to be checked : /directory
Parent Dir exists
Here are children for parent node : root : directory
The file : directory is a directory : true
We have reached the end!
Dir exists
Create directory!
--------------------------
File to be checked : /directory/file
Here are children for parent node : root : directory
The file : directory is a directory : true
We have reached the end!
Parent Dir exists
Here are children for parent node : directory : file
The file : file is a directory : false
Here are children for parent node : directory : file
We have reached the end!
File exists
Create directory!
--------------------------
File to be checked : /
Create file!
Create file!
--------------------------
File to be checked : /directory2/file
Here are children for parent node : root : directory
The file : directory2 is a directory : true
Create file!
--------------------------
File to be checked : /directory/file/file
Here are children for parent node : directory : file
The file : file is a directory : false
Create file!
--------------------------
File to be checked : /directory/file
Here are children for parent node : root : directory
The file : directory is a directory : true
We have reached the end!
Parent Dir exists
Here are children for parent node : directory : file
We have reached the end!
File exists
Create file!
--------------------------
File to be checked : /directory
Parent Dir exists
Here are children for parent node : root : directory
Here are children for parent node : root : directory
The file : directory is a directory : true
We have reached the end!
Dir exists
Create file!
--------------------------
File to be checked : /
Create directory!
--------------------------
File to be checked : /directory/subdirectory
Here are children for parent node : root : directory
The file : directory is a directory : true
We have reached the end!
Parent Dir exists
Here are children for parent node : directory : file
The file : subdirectory is a directory : false
Here are children for parent node : directory : file
WE ARE CREATING A DIRECTORY!
A child exists for parent directory  : root  that already exists : directory
We at the leaf directory!
Here are children for parent node : directory : file
A unique LEAF node has come when parent : directory  HAS children : subdirectory
WHY DOES THIS NOT PRINT The file : subdirectory is a directory : false
Is directory?
--------------------------
File to be checked : /directory/subdirectory
Here are children for parent node : directory : file
Here are children for parent node : directory : subdirectory
We have reached the end!
Is a directory!
Create directory!
--------------------------
File to be checked : /another_directory
Parent Dir exists
Here are children for parent node : root : directory
The file : another_directory is a directory : true
Here are children for parent node : root : directory
WE ARE CREATING A DIRECTORY!
We at the leaf directory!
Here are children for parent node : root : directory
A unique LEAF node has come when parent : root  HAS children : another_directory
WHY DOES THIS NOT PRINT The file : another_directory is a directory : false
Is directory?
--------------------------
File to be checked : /another_directory
Here are children for parent node : root : directory
Here are children for parent node : root : another_directory
We have reached the end!
Is a directory!
Create file!
--------------------------
File to be checked : /file
Parent Dir exists
Here are children for parent node : root : directory
Here are children for parent node : root : another_directory
Here are children for parent node : root : directory
The file : file is a directory : true
Here are children for parent node : root : another_directory
The file : file is a directory : true
WE ARE CREATING A FILE!
We at the leaf directory!
Here are children for parent node : root : directory
Here are children for parent node : root : another_directory
A unique LEAF node has come when parent : root  HAS children : file
Is directory?
--------------------------
File to be checked : /file
Here are children for parent node : root : directory
Here are children for parent node : root : another_directory
Here are children for parent node : root : file
We have reached the end!
Is not a directory!
Create file!
--------------------------
File to be checked : /another_directory/file
Here are children for parent node : root : directory
The file : another_directory is a directory : true
Here are children for parent node : root : another_directory
The file : another_directory is a directory : true
We have reached the end!
Parent Dir exists
A unique LEAF node has come when parent node : another_directory has NO children : file
WE ARE CREATING A FILE!
A child exists for parent directory  : root  that already exists : another_directory
We at the leaf directory!
A unique LEAF node has come when parent node : another_directory has NO children : file
Is directory?
--------------------------
File to be checked : /another_directory/file
Here are children for parent node : another_directory : file
We have reached the end!
Is not a directory!
