MAIN METHOD CALLED
53899 : RegisterRequest: storage_ip = 127.0.0.1 client_port = 53898 command_port = 53899 0
53899 : RegisterRequest: storage_ip = 127.0.0.1 client_port = 53898 command_port = 53899 1
Exception thrown (53899) : java.lang.IllegalStateException: Illegal State
53891 : RegisterRequest: storage_ip = 127.0.0.1 client_port = 53890 command_port = 53891 /file /directory/file /directory/another_file /another_directory/file 1
--------------------------
Files being sent in : /file
We at the leaf directory!
A unique LEAF node has come when parent node : root has NO children : file
--------------------------
--------------------------
Files being sent in : /directory/file
A unique NODE has come when parent  : root  has children : directory
We at the leaf directory!
A unique LEAF node has come when parent node : directory has NO children : file
--------------------------
--------------------------
Files being sent in : /directory/another_file
A child exists for parent directory  : root  that already exists : directory
We at the leaf directory!
Here are children for parent node : directory : file
A unique LEAF node has come when parent : directory  HAS children : another_file
--------------------------
--------------------------
Files being sent in : /another_directory/file
A unique NODE has come when parent  : root  has children : another_directory
We at the leaf directory!
A unique LEAF node has come when parent node : another_directory has NO children : file
--------------------------
53893 : RegisterRequest: storage_ip = 127.0.0.1 client_port = 53892 command_port = 53893 /file /directory/file /another_directory/another_file 2
--------------------------
Files being sent in : /file
We at the leaf directory!
Here are children for parent node : root : file
The entire path exists, needs to be handled : file
--------------------------
--------------------------
Files being sent in : /directory/file
A child exists for parent directory  : root  that already exists : directory
We at the leaf directory!
Here are children for parent node : directory : file
The entire path exists, needs to be handled : file
--------------------------
--------------------------
Files being sent in : /another_directory/another_file
A child exists for parent directory  : root  that already exists : another_directory
We at the leaf directory!
Here are children for parent node : another_directory : file
A unique LEAF node has come when parent : another_directory  HAS children : another_file
--------------------------
53895 : RegisterRequest: storage_ip = 127.0.0.1 client_port = 53894 command_port = 53895 /directory /another_file 3
--------------------------
Files being sent in : /directory
We at the leaf directory!
Here are children for parent node : root : file
Here are children for parent node : root : directory
The entire path exists, needs to be handled : directory
--------------------------
--------------------------
Files being sent in : /another_file
We at the leaf directory!
Here are children for parent node : root : file
Here are children for parent node : root : directory
Here are children for parent node : root : another_directory
A unique LEAF node has come when parent : root  HAS children : another_file
--------------------------
53897 : RegisterRequest: storage_ip = 127.0.0.1 client_port = 53896 command_port = 53897 / 4
--------------------------
Files being sent in : /
We at the leaf directory!
Here are children for parent node : root : file
Here are children for parent node : root : directory
Here are children for parent node : root : another_directory
Here are children for parent node : root : another_file
A unique LEAF node has come when parent : root  HAS children : 
--------------------------
